<?xml version="1.0" encoding="UTF-8"?>
<testsuites>
  <testsuite id="0" name="D:\Study\MERN\FP_MiniProject_FullStackApplication\NodeJS\test\users.test.js" errors="0" package="D:\Study\MERN\FP_MiniProject_FullStackApplication\NodeJS\test\users.test.js" hostname="localhost" tests="8" failures="0" time="8.249" timestamp="2022-05-11T20:45:42">
    <properties>
    </properties>
    <testcase classname="Viewing all the courses" name="Viewing all the courses" time="0">
    </testcase>
    <testcase classname="Enrolling a course" name="Enrolling a course" time="0">
    </testcase>
    <testcase classname="Enrolling an already enrolled course" name="Enrolling an already enrolled course" time="0">
    </testcase>
    <testcase classname="Dropping a course" name="Dropping a course" time="0">
    </testcase>
    <testcase classname="Dropping an unenrolled course" name="Dropping an unenrolled course" time="0">
    </testcase>
    <testcase classname="Rating a course" name="Rating a course" time="0">
    </testcase>
    <testcase classname="Rating an already rated course" name="Rating an already rated course" time="0">
    </testcase>
    <testcase classname="Giving rating to an unenrolled course" name="Giving rating to an unenrolled course" time="0">
    </testcase>
    <system-out/>
    <system-err/>
  </testsuite>
</testsuites>